<?xml version="1.0" encoding="UTF-8"?>
<!-- Generated by org.testng.reporters.JUnitReportReporter -->
<testsuite hostname="Silya" failures="0" tests="1" name="groups_in_TestNG.Groups_Concepts" time="0.010" errors="0" timestamp="2022-12-08T16:40:16 EST" skipped="0">
  <testcase classname="groups_in_TestNG.Groups_Concepts" name="testCase6" time="0.010"/>
  <system-out/>
</testsuite> <!-- groups_in_TestNG.Groups_Concepts -->
