<?xml version="1.0" encoding="UTF-8"?>
<!-- Generated by org.testng.reporters.JUnitReportReporter -->
<testsuite hostname="Silya" failures="0" tests="6" name="parallel_execution_TestCases.Parallel1" time="39.013" errors="0" timestamp="2022-12-08T15:51:11 EST" skipped="0">
  <testcase classname="parallel_execution_TestCases.Parallel1" name="logic1" time="4.929"/>
  <system-out/>
  <testcase classname="parallel_execution_TestCases.Parallel1" name="logic3" time="7.351"/>
  <system-out/>
  <testcase classname="parallel_execution_TestCases.Parallel1" name="logic2" time="4.359"/>
  <system-out/>
  <testcase classname="parallel_execution_TestCases.Parallel1" name="logic2" time="9.786"/>
  <system-out/>
  <testcase classname="parallel_execution_TestCases.Parallel1" name="logic1" time="4.481"/>
  <system-out/>
  <testcase classname="parallel_execution_TestCases.Parallel1" name="logic3" time="8.107"/>
  <system-out/>
</testsuite> <!-- parallel_execution_TestCases.Parallel1 -->
