<?xml version="1.0" encoding="UTF-8"?>
<!-- Generated by org.testng.reporters.JUnitReportReporter -->
<testsuite hostname="Silya" failures="0" tests="1" name="uat_environement.Login" time="0.001" errors="0" timestamp="2022-12-10T23:36:33 EST" skipped="0">
  <testcase classname="uat_environement.Login" name="loginTestuat" time="0.001"/>
  <system-out/>
</testsuite> <!-- uat_environement.Login -->
