<?xml version="1.0" encoding="UTF-8"?>
<!-- Generated by org.testng.reporters.JUnitReportReporter -->
<testsuite hostname="Silya" failures="0" tests="3" name="testNG_dataProvider.Data_Provider_Introduction" time="0.046" errors="0" timestamp="2022-12-08T12:35:44 EST" skipped="0">
  <testcase classname="testNG_dataProvider.Data_Provider_Introduction" name="dataConcept" time="0.005"/>
  <system-out/>
  <testcase classname="testNG_dataProvider.Data_Provider_Introduction" name="dataConcept" time="0.007"/>
  <system-out/>
  <testcase classname="testNG_dataProvider.Data_Provider_Introduction" name="dataConcept" time="0.034"/>
  <system-out/>
</testsuite> <!-- testNG_dataProvider.Data_Provider_Introduction -->
