<?xml version="1.0" encoding="UTF-8"?>
<!-- Generated by org.testng.reporters.JUnitReportReporter -->
<testsuite hostname="Silya" failures="0" tests="9" name="multiple.TestCaseForMyData" time="0.008" errors="0" timestamp="2022-12-08T14:38:28 EST" skipped="0">
  <testcase classname="multiple.TestCaseForMyData" name="launchBrowser" time="0.001"/>
  <system-out/>
  <testcase classname="multiple.TestCaseForMyData" name="login" time="0.000"/>
  <system-out/>
  <testcase classname="multiple.TestCaseForMyData" name="logout" time="0.000"/>
  <system-out/>
  <testcase classname="multiple.TestCaseForMyData" name="launchBrowser" time="0.004"/>
  <system-out/>
  <testcase classname="multiple.TestCaseForMyData" name="login" time="0.002"/>
  <system-out/>
  <testcase classname="multiple.TestCaseForMyData" name="login" time="0.000"/>
  <system-out/>
  <testcase classname="multiple.TestCaseForMyData" name="logout" time="0.000"/>
  <system-out/>
  <testcase classname="multiple.TestCaseForMyData" name="logout" time="0.001"/>
  <system-out/>
  <testcase classname="multiple.TestCaseForMyData" name="launchBrowser" time="0.000"/>
  <system-out/>
</testsuite> <!-- multiple.TestCaseForMyData -->
