<?xml version="1.0" encoding="UTF-8"?>
<!-- Generated by org.testng.reporters.JUnitReportReporter -->
<testsuite hostname="Silya" failures="0" tests="3" name="parallel_execution_TestCases.Parellel3" time="19.791" errors="0" timestamp="2022-12-08T16:07:02 EST" skipped="0">
  <testcase classname="parallel_execution_TestCases.Parellel3" name="logic7" time="4.366"/>
  <system-out/>
  <testcase classname="parallel_execution_TestCases.Parellel3" name="logic8" time="8.026"/>
  <system-out/>
  <testcase classname="parallel_execution_TestCases.Parellel3" name="logic9" time="7.399"/>
  <system-out/>
</testsuite> <!-- parallel_execution_TestCases.Parellel3 -->
