<?xml version="1.0" encoding="UTF-8"?>
<!-- Generated by org.testng.reporters.JUnitReportReporter -->
<testsuite hostname="Silya" failures="0" tests="6" name="parallel_execution_TestCases.Parellel2" time="52.835" errors="0" timestamp="2022-12-08T15:51:11 EST" skipped="0">
  <testcase classname="parallel_execution_TestCases.Parellel2" name="logic6" time="6.877"/>
  <system-out/>
  <testcase classname="parallel_execution_TestCases.Parellel2" name="logic6" time="7.683"/>
  <system-out/>
  <testcase classname="parallel_execution_TestCases.Parellel2" name="logic4" time="4.459"/>
  <system-out/>
  <testcase classname="parallel_execution_TestCases.Parellel2" name="logic5" time="15.542"/>
  <system-out/>
  <testcase classname="parallel_execution_TestCases.Parellel2" name="logic5" time="13.305"/>
  <system-out/>
  <testcase classname="parallel_execution_TestCases.Parellel2" name="logic4" time="4.969"/>
  <system-out/>
</testsuite> <!-- parallel_execution_TestCases.Parellel2 -->
