<?xml version="1.0" encoding="UTF-8"?>
<!-- Generated by org.testng.reporters.JUnitReportReporter -->
<testsuite hostname="Silya" failures="0" tests="1" name="prod_environment.Login" time="0.002" errors="0" timestamp="2022-12-10T23:36:33 EST" skipped="0">
  <testcase classname="prod_environment.Login" name="loginTestprod" time="0.002"/>
  <system-out/>
</testsuite> <!-- prod_environment.Login -->
