<?xml version="1.0" encoding="UTF-8"?>
<!-- Generated by org.testng.reporters.JUnitReportReporter -->
<testsuite hostname="Silya" failures="0" tests="1" name="test_enveronment.Logout" time="0.003" errors="0" timestamp="2022-12-10T23:36:33 EST" skipped="0">
  <testcase classname="test_enveronment.Logout" name="logoutTest" time="0.003"/>
  <system-out/>
</testsuite> <!-- test_enveronment.Logout -->
