<?xml version="1.0" encoding="UTF-8"?>
<!-- Generated by org.testng.reporters.JUnitReportReporter -->
<testsuite skipped="0" hostname="Silya" name="prod_environment.Home" tests="1" failures="0" timestamp="12 Dec 2022 17:20:57 GMT" time="0.008" errors="0">
  <testcase name="homeTestprod" time="0.008" classname="prod_environment.Home"/>
</testsuite> <!-- prod_environment.Home -->
