<?xml version="1.0" encoding="UTF-8"?>
<!-- Generated by org.testng.reporters.JUnitReportReporter -->
<testsuite skipped="0" hostname="Silya" name="test_enveronment.Home" tests="1" failures="0" timestamp="12 Dec 2022 17:20:57 GMT" time="0.000" errors="0">
  <testcase name="homeTest" time="0.000" classname="test_enveronment.Home"/>
</testsuite> <!-- test_enveronment.Home -->
