<?xml version="1.0" encoding="UTF-8"?>
<!-- Generated by org.testng.reporters.JUnitReportReporter -->
<testsuite skipped="0" hostname="Silya" name="uat_environement.Logout" tests="1" failures="0" timestamp="12 Dec 2022 17:20:57 GMT" time="0.000" errors="0">
  <testcase name="logoutTestuat" time="0.000" classname="uat_environement.Logout"/>
</testsuite> <!-- uat_environement.Logout -->
